0 info it worked if it ends with ok
1 verbose cli [ 'C:\\Program Files\\nodejs\\node.exe',
1 verbose cli   'C:\\Users\\mgardner\\AppData\\Roaming\\npm\\node_modules\\npm\\bin\\npm-cli.js',
1 verbose cli   'start' ]
2 info using npm@3.10.7
3 info using node@v10.11.0
4 verbose stack Error: Failed to parse json
4 verbose stack Unexpected token 's' at 8:6
4 verbose stack     "start": "node server.js"
4 verbose stack      ^
4 verbose stack     at parseError (C:\Users\mgardner\AppData\Roaming\npm\node_modules\npm\node_modules\read-package-json\read-json.js:390:11)
4 verbose stack     at parseJson (C:\Users\mgardner\AppData\Roaming\npm\node_modules\npm\node_modules\read-package-json\read-json.js:79:23)
4 verbose stack     at C:\Users\mgardner\AppData\Roaming\npm\node_modules\npm\node_modules\read-package-json\read-json.js:48:5
4 verbose stack     at C:\Users\mgardner\AppData\Roaming\npm\node_modules\npm\node_modules\graceful-fs\graceful-fs.js:78:16
4 verbose stack     at FSReqWrap.readFileAfterClose [as oncomplete] (internal/fs/read_file_context.js:53:3)
5 verbose cwd C:\git-repositories\nodejs-learning-projects\node-web-server
6 error Windows_NT 6.1.7601
7 error argv "C:\\Program Files\\nodejs\\node.exe" "C:\\Users\\mgardner\\AppData\\Roaming\\npm\\node_modules\\npm\\bin\\npm-cli.js" "start"
8 error node v10.11.0
9 error npm  v3.10.7
10 error file C:\git-repositories\nodejs-learning-projects\node-web-server\package.json
11 error code EJSONPARSE
12 error Failed to parse json
12 error Unexpected token 's' at 8:6
12 error     "start": "node server.js"
12 error      ^
13 error File: C:\git-repositories\nodejs-learning-projects\node-web-server\package.json
14 error Failed to parse package.json data.
14 error package.json must be actual JSON, not just JavaScript.
14 error
14 error This is not a bug in npm.
14 error Tell the package author to fix their package.json file. JSON.parse
15 verbose exit [ 1, true ]
